\BOOKMARK [0][-]{chapter.1}{\376\377\0002\0000\0002\0003\000年\000松\000山\000都\000市\000圏\000パ\000ー\000ソ\000ン\000ト\000リ\000ッ\000プ\000調\000査\000の\000概\000要}{}% 1
\BOOKMARK [0][-]{chapter.2}{\376\377\000松\000山\000都\000市\000圏\000全\000体\000の\000移\000動\000の\000分\000析}{}% 2
\BOOKMARK [1][-]{section.2.1}{\376\377\000ト\000リ\000ッ\000プ\000数\000と\000外\000出\000率\000の\000分\000析\000\040\000\050\000拡\000大\000前\000P\000T\000を\000使\000用\000\051}{chapter.2}% 3
\BOOKMARK [1][-]{section.2.2}{\376\377\000ト\000リ\000ッ\000プ\000の\000出\000発\000地\000と\000到\000着\000地\000の\000分\000析}{chapter.2}% 4
\BOOKMARK [1][-]{section.2.3}{\376\377\000交\000通\000手\000段\000分\000担\000率\000の\000分\000析}{chapter.2}% 5
\BOOKMARK [1][-]{section.2.4}{\376\377\000移\000動\000時\000間\000の\000分\000析}{chapter.2}% 6
\BOOKMARK [1][-]{section.2.5}{\376\377\000駐\000車\000場\000の\000利\000用\000状\000況}{chapter.2}% 7
\BOOKMARK [1][-]{section.2.6}{\376\377\000端\000末\000交\000通\000と\000交\000通\000手\000段\000の\000組\000み\000合\000わ\000せ}{chapter.2}% 8
\BOOKMARK [0][-]{chapter.3}{\376\377\000主\000体\000に\000着\000目\000し\000た\000移\000動\000の\000分\000析}{}% 9
\BOOKMARK [1][-]{section.3.1}{\376\377\0001\0009\000〜\0002\0005\000歳\000の\000若\000年\000層}{chapter.3}% 10
\BOOKMARK [1][-]{section.3.2}{\376\377\000中\000学\000生\000・\000高\000校\000生}{chapter.3}% 11
\BOOKMARK [1][-]{section.3.3}{\376\377\0007\0000\000歳\000以\000上\000の\000高\000齢\000者}{chapter.3}% 12
\BOOKMARK [1][-]{section.3.4}{\376\377\000免\000許\000返\000納\000者\000\040\000\050\0007\0000\000歳\000以\000上\000\051}{chapter.3}% 13
\BOOKMARK [1][-]{section.3.5}{\376\377\000子\000育\000て\000世\000帯\000の\000大\000人}{chapter.3}% 14
\BOOKMARK [1][-]{section.3.6}{\376\377\000在\000宅\000勤\000務\000者}{chapter.3}% 15
\BOOKMARK [1][-]{section.3.7}{\376\377\000低\000所\000得\000世\000帯\000\040\000\050\0005\0009\000歳\000以\000下\000\051}{chapter.3}% 16
\BOOKMARK [1][-]{section.3.8}{\376\377\000外\000出\000に\000困\000難\000の\000あ\000る\000人}{chapter.3}% 17
\BOOKMARK [0][-]{chapter.4}{\376\377\000居\000住\000地\000移\000転\000の\000分\000析}{}% 18
\BOOKMARK [1][-]{section.4.1}{\376\377\000転\000居\000の\000履\000歴}{chapter.4}% 19
\BOOKMARK [1][-]{section.4.2}{\376\377\000今\000後\000の\000住\000み\000替\000え\000の\000意\000向}{chapter.4}% 20
\BOOKMARK [0][-]{chapter.5}{\376\377\000都\000市\000圏\000の\000課\000題\000と\000政\000策\000の\000提\000案}{}% 21
\BOOKMARK [1][-]{section.5.1}{\376\377\000子\000ど\000も\000・\000若\000者\000に\000と\000っ\000て\000楽\000し\000い\000中\000心\000市\000街\000地}{chapter.5}% 22
\BOOKMARK [1][-]{section.5.2}{\376\377\000子\000育\000て\000家\000庭\000を\000呼\000び\000込\000む\000公\000共\000交\000通}{chapter.5}% 23
\BOOKMARK [1][-]{section.5.3}{\376\377\000自\000転\000車\000に\000や\000さ\000し\000い\000ま\000ち}{chapter.5}% 24
\BOOKMARK [1][-]{section.5.4}{\376\377\000コ\000ミ\000ュ\000ニ\000ケ\000ー\000シ\000ョ\000ン\000と\000倫\000理}{chapter.5}% 25
\BOOKMARK [0][-]{chapter.6}{\376\377\000資\000料\000:\000\040\000U\000D\000C\000M\000学\000生\000ワ\000ー\000ク\000シ\000ョ\000ッ\000プ}{}% 26
\BOOKMARK [1][-]{section.6.1}{\376\377\000テ\000ー\000マ\0001\000:\000\040\000週\000末\000ど\000こ\000行\000く\000？\000な\000に\000で\000行\000く\000？\000な\000ん\000で\000？\000ど\000う\000し\000た\000ら\000？\000W\000S}{chapter.6}% 27
\BOOKMARK [1][-]{section.6.2}{\376\377\000テ\000ー\000マ\0002\000:\000\040\000身\000近\000な\000人\000の\000あ\000っ\000た\000ら\000い\000い\000な\000を\000叶\000え\000て\000あ\000げ\000よ\000う\000W\000S}{chapter.6}% 28
\BOOKMARK [0][-]{chapter*.183}{\376\377\000参\000考\000文\000献}{}% 29
